<?xml version="1.0" encoding="UTF-8"?>
<robot generator="Robot 7.0.1 (Python 3.12.4 on darwin)" generated="2024-08-12T13:31:02.427569" rpa="false" schemaversion="5">
<suite id="s1" name="Test" source="/Users/macbookpro/Documents/GitHub/Test/Test.robot">
<test id="s1-t1" name="InstaLoginWrong" line="18">
<kw name="Open Browser" owner="SeleniumLibrary">
<msg time="2024-08-12T13:31:02.513060" level="INFO">Opening browser 'chrome' to base url 'https://www.instagram.com/'.</msg>
<arg>${URL}</arg>
<arg>chrome</arg>
<arg>chrome_options=${CHROME_OPTIONS}</arg>
<doc>Opens a new browser instance to the optional ``url``.</doc>
<status status="PASS" start="2024-08-12T13:31:02.512919" elapsed="7.174374"/>
</kw>
<kw name="Log To Console" owner="BuiltIn">
<arg>Browser opened</arg>
<doc>Logs the given message to the console.</doc>
<status status="PASS" start="2024-08-12T13:31:09.687598" elapsed="0.000142"/>
</kw>
<kw name="Maximize Browser Window" owner="SeleniumLibrary">
<doc>Maximizes current browser window.</doc>
<status status="PASS" start="2024-08-12T13:31:09.687809" elapsed="0.368874"/>
</kw>
<kw name="Input Text" owner="SeleniumLibrary">
<msg time="2024-08-12T13:31:10.057236" level="INFO">Typing text 'jeanpaula' into text field '//*[@id="loginForm"]/div/div[1]/div/label/input'.</msg>
<arg>${USERNAME FIELD}</arg>
<arg>${USERNAME}</arg>
<doc>Types the given ``text`` into the text field identified by ``locator``.</doc>
<status status="PASS" start="2024-08-12T13:31:10.056850" elapsed="0.088011"/>
</kw>
<kw name="Log To Console" owner="BuiltIn">
<arg>Username Added</arg>
<doc>Logs the given message to the console.</doc>
<status status="PASS" start="2024-08-12T13:31:10.145037" elapsed="0.000112"/>
</kw>
<kw name="Input Text" owner="SeleniumLibrary">
<msg time="2024-08-12T13:31:10.145331" level="INFO">Typing text 'test121212' into text field '//*[@id="loginForm"]/div/div[2]/div/label/input'.</msg>
<arg>${PASSWORD FIELD}</arg>
<arg>${PASSWORD}</arg>
<doc>Types the given ``text`` into the text field identified by ``locator``.</doc>
<status status="PASS" start="2024-08-12T13:31:10.145217" elapsed="0.045705"/>
</kw>
<kw name="Log To Console" owner="BuiltIn">
<arg>Password added</arg>
<doc>Logs the given message to the console.</doc>
<status status="PASS" start="2024-08-12T13:31:10.191057" elapsed="0.000090"/>
</kw>
<kw name="Take Screenshot" owner="Screenshot">
<msg time="2024-08-12T13:31:10.296545" level="INFO" html="true">&lt;a href="screenshots/test.png_2.jpg"&gt;&lt;img src="screenshots/test.png_2.jpg" width="800px"&gt;&lt;/a&gt;</msg>
<arg>screenshots/test.png</arg>
<doc>Takes a screenshot in JPEG format and embeds it into the log file.</doc>
<status status="PASS" start="2024-08-12T13:31:10.191204" elapsed="0.105536"/>
</kw>
<kw name="Sleep" owner="BuiltIn">
<msg time="2024-08-12T13:31:13.297550" level="INFO">Slept 3 seconds.</msg>
<arg>3</arg>
<doc>Pauses the test executed for the given time.</doc>
<status status="PASS" start="2024-08-12T13:31:10.297033" elapsed="3.000634"/>
</kw>
<kw name="Close Browser" owner="SeleniumLibrary">
<doc>Closes the current browser.</doc>
<status status="PASS" start="2024-08-12T13:31:13.297874" elapsed="0.074112"/>
</kw>
<status status="PASS" start="2024-08-12T13:31:02.512540" elapsed="10.859735"/>
</test>
<status status="PASS" start="2024-08-12T13:31:02.428099" elapsed="10.944514"/>
</suite>
<statistics>
<total>
<stat pass="1" fail="0" skip="0">All Tests</stat>
</total>
<tag>
</tag>
<suite>
<stat pass="1" fail="0" skip="0" id="s1" name="Test">Test</stat>
</suite>
</statistics>
<errors>
</errors>
</robot>
